<?xml version="1.0" encoding="UTF-8"?>
<!-- Generated by org.testng.reporters.JUnitReportReporter -->
<testsuite skipped="0" hostname="GopinathKumsi" name="com.scripts.AddingProductToCartTest" tests="2" failures="0" timestamp="2020-08-06T20:29:10 IST" time="20.717" errors="0">
  <testcase name="Login" time="14.632" classname="com.scripts.AddingProductToCartTest"/>
  <testcase name="scrollingAndAddingProduct" time="6.085" classname="com.scripts.AddingProductToCartTest"/>
</testsuite> <!-- com.scripts.AddingProductToCartTest -->
