<?xml version="1.0" encoding="UTF-8"?>
<!-- Generated by org.testng.reporters.JUnitReportReporter -->
<testsuite skipped="0" hostname="GopinathKumsi" name="com.scripts.LoginTest" tests="1" failures="0" timestamp="2020-08-06T20:29:10 IST" time="19.458" errors="0">
  <testcase name="ValidLoginTesting" time="19.458" classname="com.scripts.LoginTest"/>
</testsuite> <!-- com.scripts.LoginTest -->
