<?xml version="1.0" encoding="UTF-8"?>
<!-- Generated by org.testng.reporters.JUnitReportReporter -->
<testsuite skipped="0" hostname="GopinathKumsi" name="com.scripts.FunctionValidatingTest" tests="2" failures="0" timestamp="2020-08-06T20:29:10 IST" time="28.446" errors="0">
  <testcase name="loginToApplicationm" time="15.954" classname="com.scripts.FunctionValidatingTest"/>
  <testcase name="validateFunctionslity" time="12.492" classname="com.scripts.FunctionValidatingTest"/>
</testsuite> <!-- com.scripts.FunctionValidatingTest -->
