<?xml version="1.0" encoding="UTF-8"?>
<!-- Generated by org.testng.reporters.JUnitReportReporter -->
<testsuite skipped="0" hostname="GopinathKumsi" name="com.scripts.LoginTest" tests="1" failures="0" timestamp="2020-08-07T18:28:38 IST" time="24.909" errors="0">
  <testcase name="ValidLoginTesting" time="24.909" classname="com.scripts.LoginTest"/>
</testsuite> <!-- com.scripts.LoginTest -->
