<?xml version="1.0" encoding="UTF-8"?>
<!-- Generated by org.testng.reporters.JUnitReportReporter -->
<testsuite skipped="0" hostname="GopinathKumsi" name="com.scripts.SearchValidateTest" tests="2" failures="0" timestamp="2020-08-06T20:29:10 IST" time="24.007" errors="0">
  <testcase name="loginToApplicationm" time="16.629" classname="com.scripts.SearchValidateTest"/>
  <testcase name="validatingProductSearch" time="7.378" classname="com.scripts.SearchValidateTest"/>
</testsuite> <!-- com.scripts.SearchValidateTest -->
