<?xml version="1.0" encoding="UTF-8"?>
<!-- Generated by org.testng.reporters.JUnitReportReporter -->
<testsuite skipped="0" hostname="GopinathKumsi" name="com.common.BaseTest" tests="1" failures="0" timestamp="2020-07-31T12:53:28 IST" time="6.756" errors="0">
  <testcase name="testing" time="6.756" classname="com.common.BaseTest"/>
</testsuite> <!-- com.common.BaseTest -->
