<?xml version="1.0" encoding="UTF-8"?>
<!-- Generated by org.testng.reporters.JUnitReportReporter -->
<testsuite skipped="0" hostname="GopinathKumsi" name="com.scripts.AddingProductToCartTest" tests="2" failures="0" timestamp="2020-08-07T18:28:38 IST" time="24.547" errors="0">
  <testcase name="Login" time="17.886" classname="com.scripts.AddingProductToCartTest"/>
  <testcase name="scrollingAndAddingProduct" time="6.661" classname="com.scripts.AddingProductToCartTest"/>
</testsuite> <!-- com.scripts.AddingProductToCartTest -->
