<?xml version="1.0" encoding="UTF-8"?>
<!-- Generated by org.testng.reporters.JUnitReportReporter -->
<testsuite skipped="0" hostname="GopinathKumsi" name="com.scripts.FunctionValidatingTest" tests="1" failures="0" timestamp="2020-08-07T18:28:38 IST" time="19.683" errors="0">
  <testcase name="validateFunctionslity" time="19.683" classname="com.scripts.FunctionValidatingTest"/>
</testsuite> <!-- com.scripts.FunctionValidatingTest -->
