<?xml version="1.0" encoding="UTF-8"?>
<!-- Generated by org.testng.reporters.JUnitReportReporter -->
<testsuite skipped="0" hostname="GopinathKumsi" name="com.scripts.SearchValidateTest" tests="2" failures="0" timestamp="2020-08-07T18:28:38 IST" time="24.233" errors="0">
  <testcase name="loginToApplicationm" time="15.861" classname="com.scripts.SearchValidateTest"/>
  <testcase name="validatingProductSearch" time="8.372" classname="com.scripts.SearchValidateTest"/>
</testsuite> <!-- com.scripts.SearchValidateTest -->
