<?xml version="1.0" encoding="UTF-8"?>
<!-- Generated by org.testng.reporters.JUnitReportReporter -->
<testsuite skipped="0" hostname="GopinathKumsi" name="com.scripts.InvalidLoginTest" tests="1" failures="0" timestamp="2020-08-07T18:28:38 IST" time="24.347" errors="0">
  <testcase name="InvalidLoginTesting" time="24.347" classname="com.scripts.InvalidLoginTest"/>
</testsuite> <!-- com.scripts.InvalidLoginTest -->
