<?xml version="1.0" encoding="UTF-8"?>
<!-- Generated by org.testng.reporters.JUnitReportReporter -->
<testsuite skipped="0" hostname="GopinathKumsi" name="com.scripts.InvalidLoginTest" tests="1" failures="0" timestamp="2020-08-06T20:29:10 IST" time="22.877" errors="0">
  <testcase name="InvalidLoginTesting" time="22.877" classname="com.scripts.InvalidLoginTest"/>
</testsuite> <!-- com.scripts.InvalidLoginTest -->
