<?xml version="1.0" encoding="UTF-8"?>
<!-- Generated by org.testng.reporters.JUnitReportReporter -->
<testsuite hostname="GopinathKumsi" failures="0" tests="2" name="com.scripts.AddingProductToCartTest" time="66.329" errors="0" timestamp="2020-09-01T15:33:07 IST" skipped="0">
  <testcase classname="com.scripts.AddingProductToCartTest" name="Login" time="42.218"/>
  <system-out/>
  <testcase classname="com.scripts.AddingProductToCartTest" name="scrollingAndAddingProduct" time="24.111"/>
  <system-out/>
</testsuite> <!-- com.scripts.AddingProductToCartTest -->
