<?xml version="1.0" encoding="UTF-8"?>
<!-- Generated by org.testng.reporters.JUnitReportReporter -->
<testsuite hostname="GopinathKumsi" failures="0" tests="1" name="com.scripts.InvalidLoginTest" time="17.962" errors="0" timestamp="2020-09-01T15:33:07 IST" skipped="0">
  <testcase classname="com.scripts.InvalidLoginTest" name="InvalidLoginTesting" time="17.962"/>
  <system-out/>
</testsuite> <!-- com.scripts.InvalidLoginTest -->
