<?xml version="1.0" encoding="UTF-8"?>
<!-- Generated by org.testng.reporters.JUnitReportReporter -->
<testsuite hostname="GopinathKumsi" failures="0" tests="1" name="com.scripts.InvalidLoginTest" time="18.187" errors="0" timestamp="2020-08-27T14:17:09 IST" skipped="0">
  <testcase classname="com.scripts.InvalidLoginTest" name="InvalidLoginTesting" time="18.187"/>
  <system-out/>
</testsuite> <!-- com.scripts.InvalidLoginTest -->
