<?xml version="1.0" encoding="UTF-8"?>
<!-- Generated by org.testng.reporters.JUnitReportReporter -->
<testsuite hostname="GopinathKumsi" failures="0" tests="1" name="com.scripts.LoginTest" time="22.223" errors="0" timestamp="2020-09-01T15:33:07 IST" skipped="0">
  <testcase classname="com.scripts.LoginTest" name="ValidLoginTesting" time="22.223"/>
  <system-out/>
</testsuite> <!-- com.scripts.LoginTest -->
