<?xml version="1.0" encoding="UTF-8"?>
<!-- Generated by org.testng.reporters.JUnitReportReporter -->
<testsuite hostname="GopinathKumsi" failures="0" tests="2" name="com.scripts.SearchValidateTest" time="27.907" errors="0" timestamp="2020-08-27T14:17:09 IST" skipped="0">
  <testcase classname="com.scripts.SearchValidateTest" name="loginToApplicationm" time="17.808"/>
  <system-out/>
  <testcase classname="com.scripts.SearchValidateTest" name="validatingProductSearch" time="10.099"/>
  <system-out/>
</testsuite> <!-- com.scripts.SearchValidateTest -->
