<?xml version="1.0" encoding="UTF-8"?>
<!-- Generated by org.testng.reporters.JUnitReportReporter -->
<testsuite hostname="GopinathKumsi" failures="0" tests="2" name="com.scripts.SearchValidateTest" time="38.274" errors="0" timestamp="2020-09-01T15:33:07 IST" skipped="0">
  <testcase classname="com.scripts.SearchValidateTest" name="loginToApplicationm" time="21.858"/>
  <system-out/>
  <testcase classname="com.scripts.SearchValidateTest" name="validatingProductSearch" time="16.416"/>
  <system-out/>
</testsuite> <!-- com.scripts.SearchValidateTest -->
