<?xml version="1.0" encoding="UTF-8"?>
<!-- Generated by org.testng.reporters.JUnitReportReporter -->
<testsuite hostname="GopinathKumsi" failures="0" tests="1" name="com.scripts.LoginTest" time="17.176" errors="0" timestamp="2020-08-27T14:17:09 IST" skipped="0">
  <testcase classname="com.scripts.LoginTest" name="ValidLoginTesting" time="17.176"/>
  <system-out/>
</testsuite> <!-- com.scripts.LoginTest -->
