<?xml version="1.0" encoding="UTF-8"?>
<!-- Generated by org.testng.reporters.JUnitReportReporter -->
<testsuite hostname="GopinathKumsi" failures="0" tests="1" name="com.scripts.FunctionValidatingTest" time="13.018" errors="0" timestamp="2020-08-27T14:17:09 IST" skipped="0">
  <testcase classname="com.scripts.FunctionValidatingTest" name="validateFunctionslity" time="13.018"/>
  <system-out/>
</testsuite> <!-- com.scripts.FunctionValidatingTest -->
