<?xml version="1.0" encoding="UTF-8" ?>
<testsuite tests="7" failures="0" name="TestSuite" time="94.018" errors="0" skipped="0">
  <properties>
    <property name="PROCESSOR_ARCHITECTURE" value="AMD64"/>
    <property name="LOGONSERVER" value="\\GOPINATHKUMSI"/>
    <property name="ProgramData" value="C:\ProgramData"/>
    <property name="java.home" value="C:\Program Files (x86)\java"/>
    <property name="TITLE" value="Tomcat"/>
    <property name="NODE_NAME" value="master"/>
    <property name="JENKINS_URL" value="http://localhost:8080/jenkins/"/>
    <property name="CATALINA_HOME" value="E:\Tomcat 9.0"/>
    <property name="ALLUSERSPROFILE" value="C:\ProgramData"/>
    <property name="PSModulePath" value="C:\Windows\system32\WindowsPowerShell\v1.0\Modules\;E:\AutoIT\AutoItX"/>
    <property name="=::" value="::\"/>
    <property name="USERDOMAIN" value="GopinathKumsi"/>
    <property name="sun.os.patch.level" value="Service Pack 1"/>
    <property name="java.vendor.url" value="https://java.oracle.com/"/>
    <property name="JAVA_OPTS" value=" &quot;-Djdk.tls.ephemeralDHKeySize=2048&quot; -Djava.util.logging.config.file=&quot;E:\Tomcat 9.0\conf\logging.properties&quot; -Djava.util.logging.manager=org.apache.juli.ClassLoaderLogManager"/>
    <property name="CommonProgramFiles(x86)" value="C:\Program Files (x86)\Common Files"/>
    <property name="java.version" value="14.0.2"/>
    <property name="JOB_NAME" value="Automation"/>
    <property name="COMPUTERNAME" value="GOPINATHKUMSI"/>
    <property name="EXECUTABLE" value="E:\Tomcat 9.0\bin\catalina.bat"/>
    <property name="java.vendor.url.bug" value="https://bugreport.java.com/bugreport/"/>
    <property name="PUBLIC" value="C:\Users\Public"/>
    <property name="java.version.date" value="2020-07-14"/>
    <property name="jdk.debug" value="release"/>
    <property name="user.name" value="Gopinath Kumsi"/>
    <property name="sun.io.unicode.encoding" value="UnicodeLittle"/>
    <property name="sun.jnu.encoding" value="Cp1252"/>
    <property name="java.runtime.name" value="Java(TM) SE Runtime Environment"/>
    <property name="windir" value="C:\Windows"/>
    <property name="PROCESSOR_IDENTIFIER" value="Intel64 Family 6 Model 37 Stepping 5, GenuineIntel"/>
    <property name="=E:" value="E:\Tomcat 9.0\bin"/>
    <property name="java.specification.name" value="Java Platform API Specification"/>
    <property name="LOCALAPPDATA" value="C:\Users\Gopinath Kumsi\AppData\Local"/>
    <property name="RUN_CHANGES_DISPLAY_URL" value="http://localhost:8080/jenkins/job/Automation/5/display/redirect?page=changes"/>
    <property name="user.timezone" value="Asia/Calcutta"/>
    <property name="user.script" value=""/>
    <property name="path.separator" value=";"/>
    <property name="NUMBER_OF_PROCESSORS" value="4"/>
    <property name="BUILD_TAG" value="jenkins-Automation-5"/>
    <property name="file.encoding" value="Cp1252"/>
    <property name="sun.java.command" value="jenkins.maven3.agent.Maven33Main E:\apache-maven-3.3.9 E:\Tomcat 9.0\webapps\jenkins\WEB-INF\lib\remoting-4.3.jar C:\Users\Gopinath Kumsi\.jenkins\plugins\maven-plugin\WEB-INF\lib\maven33-interceptor-1.13.jar C:\Users\Gopinath Kumsi\.jenkins\plugins\maven-plugin\WEB-INF\lib\maven3-interceptor-commons-1.13.jar 52029"/>
    <property name="HUDSON_URL" value="http://localhost:8080/jenkins/"/>
    <property name="JENKINS_SERVER_COOKIE" value="310774889592309b"/>
    <property name="EXECUTOR_NUMBER" value="0"/>
    <property name="Path" value="C:\Program Files (x86)\java/bin;C:\Program Files (x86)\Common Files\Oracle\Java\javapath;C:\ProgramData\Oracle\Java\javapath;PATH=C:\Program Files (x86)\Common Files\Oracle\Java\javapath;C:\ProgramData\Oracle\Java\javapath;PATH=C:\Program Files (x86)\Common Files\Oracle\Java\javapath;C:\ProgramData\Oracle\Java\javapath;PATH=C:\Windows\System32;%JAVA_HOME%\bin;C:\Windows\System32,PATH=%CATALINA_HOME%\bin;C:\Program Files\Git\cmd;E:\apache-maven-3.3.9\bin;C:\Program Files (x86)\java\bin;E:\Tomcat 9.0\bin;%JAVA_HOME%\bin;C:\Windows\System32,PATH=%CATALINA_HOME%\bin;C:\Program Files\Git\cmd;E:\apache-maven-3.3.9\bin;C:\Program Files (x86)\java\bin;E:\Tomcat 9.0\bin;%JAVA_HOME%\bin;C:\Windows\System32,PATH=%CATALINA_HOME%\bin;C:\Program Files\Git\cmd;E:\apache-maven-3.3.9\bin;C:\Program Files (x86)\java\bin;E:\Tomcat 9.0\bin"/>
    <property name="GIT_COMMIT" value="e820766be27d062b6b3d1bba49b80dee2d714e62"/>
    <property name="java.io.tmpdir" value="C:\Users\GOPINA~1\AppData\Local\Temp\"/>
    <property name="APPDATA" value="C:\Users\Gopinath Kumsi\AppData\Roaming"/>
    <property name="user.language" value="en"/>
    <property name="CATALINA_TMPDIR" value="E:\Tomcat 9.0\temp"/>
    <property name="line.separator" value="
"/>
    <property name="BUILD_URL" value="http://localhost:8080/jenkins/job/Automation/5/"/>
    <property name="M2_REPO" value="C:\Users\Gopinath Kumsi\.m2"/>
    <property name="ACTION" value="start"/>
    <property name="M2_HOME" value="E:\apache-maven-3.3.9"/>
    <property name="java.vm.info" value="mixed mode, sharing"/>
    <property name="java.vm.specification.name" value="Java Virtual Machine Specification"/>
    <property name="BUILD_DISPLAY_NAME" value="#5"/>
    <property name="OS" value="Windows_NT"/>
    <property name="LSERVRC" value="C:\ProgramData\HP\Functional testing\License\lservrc"/>
    <property name="guice.disable.misplaced.annotation.check" value="true"/>
    <property name="CATALINA_BASE" value="E:\Tomcat 9.0"/>
    <property name="HUDSON_SERVER_COOKIE" value="310774889592309b"/>
    <property name="JRE_HOME" value="C:\Program Files (x86)\java\JRE"/>
    <property name="_EXECJAVA" value="start &quot;Tomcat&quot; &quot;C:\Program Files (x86)\java\JRE\bin\java.exe&quot;"/>
    <property name="WORKSPACE_TMP" value="C:\Users\Gopinath Kumsi\.jenkins\workspace\Automation@tmp"/>
    <property name="_RUNJAVA" value="&quot;C:\Program Files (x86)\java\JRE\bin\java.exe&quot;"/>
    <property name="MAVEN_HOME" value="E:\apache-maven-3.3.9"/>
    <property name="SESSIONNAME" value="Console"/>
    <property name="PATHEXT" value=".COM;.EXE;.BAT;.CMD;.VBS;.JS;.WS;.MSC"/>
    <property name="maven3.interceptor.common" value="C:\Users\Gopinath Kumsi\.jenkins\plugins\maven-plugin\WEB-INF\lib\maven3-interceptor-commons-1.13.jar"/>
    <property name="CLASSPATH" value=""/>
    <property name="LOGGING_CONFIG" value="-Djava.util.logging.config.file=&quot;E:\Tomcat 9.0\conf\logging.properties&quot;"/>
    <property name="HOMEPATH" value="\Users\Gopinath Kumsi"/>
    <property name="os.name" value="Windows 7"/>
    <property name="java.specification.vendor" value="Oracle Corporation"/>
    <property name="FP_NO_HOST_CHECK" value="NO"/>
    <property name="BUILD_NUMBER" value="5"/>
    <property name="java.vm.name" value="Java HotSpot(TM) 64-Bit Server VM"/>
    <property name="maven3.interceptor" value="C:\Users\Gopinath Kumsi\.jenkins\plugins\maven-plugin\WEB-INF\lib\maven33-interceptor-1.13.jar"/>
    <property name="java.library.path" value="C:\Program Files (x86)\java\bin;C:\Windows\Sun\Java\bin;C:\Windows\system32;C:\Windows;E:\apache-maven-3.3.9/bin;C:\Program Files (x86)\java/bin;C:\Program Files (x86)\java/bin;C:\Program Files (x86)\Common Files\Oracle\Java\javapath;C:\ProgramData\Oracle\Java\javapath;PATH=C:\Program Files (x86)\Common Files\Oracle\Java\javapath;C:\ProgramData\Oracle\Java\javapath;PATH=C:\Program Files (x86)\Common Files\Oracle\Java\javapath;C:\ProgramData\Oracle\Java\javapath;PATH=C:\Windows\System32;%JAVA_HOME%\bin;C:\Windows\System32,PATH=%CATALINA_HOME%\bin;C:\Program Files\Git\cmd;E:\apache-maven-3.3.9\bin;C:\Program Files (x86)\java\bin;E:\Tomcat 9.0\bin;%JAVA_HOME%\bin;C:\Windows\System32,PATH=%CATALINA_HOME%\bin;C:\Program Files\Git\cmd;E:\apache-maven-3.3.9\bin;C:\Program Files (x86)\java\bin;E:\Tomcat 9.0\bin;%JAVA_HOME%\bin;C:\Windows\System32,PATH=%CATALINA_HOME%\bin;C:\Program Files\Git\cmd;E:\apache-maven-3.3.9\bin;C:\Program Files (x86)\java\bin;E:\Tomcat 9.0\bin;."/>
    <property name="HOMEDRIVE" value="C:"/>
    <property name="POM_GROUPID" value="Automationpractice"/>
    <property name="POM_ARTIFACTID" value="Automationpractice"/>
    <property name="java.class.version" value="58.0"/>
    <property name="JSSE_OPTS" value="&quot;-Djdk.tls.ephemeralDHKeySize=2048&quot;"/>
    <property name="LOGGING_MANAGER" value="-Djava.util.logging.manager=org.apache.juli.ClassLoaderLogManager"/>
    <property name="_RUNJDB" value="&quot;C:\Program Files (x86)\java\bin\bin\jdb.exe&quot;"/>
    <property name="JOB_URL" value="http://localhost:8080/jenkins/job/Automation/"/>
    <property name="GIT_HOME" value="C:\Program Files\Git"/>
    <property name="GIT_PREVIOUS_COMMIT" value="f5cce39294e3356cf2f48440a594649b97a7bf6a"/>
    <property name="GIT_BRANCH" value="origin/master"/>
    <property name="RUN_DISPLAY_URL" value="http://localhost:8080/jenkins/job/Automation/5/display/redirect"/>
    <property name="MAINCLASS" value="org.apache.catalina.startup.Bootstrap"/>
    <property name="JENKINS_HOME" value="C:\Users\Gopinath Kumsi\.jenkins"/>
    <property name="TEMP" value="C:\Users\GOPINA~1\AppData\Local\Temp"/>
    <property name="BUILD_ID" value="5"/>
    <property name="sun.boot.library.path" value="C:\Program Files (x86)\java\bin"/>
    <property name="M2" value="E:\apache-maven-3.3.9"/>
    <property name="sun.management.compiler" value="HotSpot 64-Bit Tiered Compilers"/>
    <property name="user.variant" value=""/>
    <property name="PROCESSOR_REVISION" value="2505"/>
    <property name="POM_VERSION" value="0.0.1-SNAPSHOT"/>
    <property name="configsetroot" value="C:\Windows\ConfigSetRoot"/>
    <property name="HUDSON_HOME" value="C:\Users\Gopinath Kumsi\.jenkins"/>
    <property name="ProgramFiles(x86)" value="C:\Program Files (x86)"/>
    <property name="PATH+MAVEN" value="E:\apache-maven-3.3.9/bin"/>
    <property name="RUN_ARTIFACTS_DISPLAY_URL" value="http://localhost:8080/jenkins/job/Automation/5/display/redirect?page=artifacts"/>
    <property name="PROMPT" value="$P$G"/>
    <property name="CURRENT_DIR" value="E:\Tomcat 9.0\bin"/>
    <property name="java.vm.specification.version" value="14"/>
    <property name="JAVA_HOME" value="C:\Program Files (x86)\java"/>
    <property name="NODE_LABELS" value="master"/>
    <property name="sun.cpu.isalist" value="amd64"/>
    <property name="USERPROFILE" value="C:\Users\Gopinath Kumsi"/>
    <property name="java.vm.compressedOopsMode" value="32-bit"/>
    <property name="asl.log" value="Destination=file"/>
    <property name="JOB_DISPLAY_URL" value="http://localhost:8080/jenkins/job/Automation/display/redirect"/>
    <property name="os.version" value="6.1"/>
    <property name="user.home" value="C:\Users\Gopinath Kumsi"/>
    <property name="USERNAME" value="Gopinath Kumsi"/>
    <property name="java.vm.vendor" value="Oracle Corporation"/>
    <property name="PROCESSOR_LEVEL" value="6"/>
    <property name="CommonProgramW6432" value="C:\Program Files\Common Files"/>
    <property name="user.dir" value="E:\workspace1\Automationpractice"/>
    <property name="ProgramW6432" value="C:\Program Files"/>
    <property name="TMP" value="C:\Users\GOPINA~1\AppData\Local\Temp"/>
    <property name="sun.cpu.endian" value="little"/>
    <property name="SystemDrive" value="C:"/>
    <property name="java.vm.version" value="14.0.2+12-46"/>
    <property name="java.class.path" value="C:\Users\Gopinath Kumsi\.jenkins\plugins\maven-plugin\WEB-INF\lib\maven33-agent-1.13.jar;E:\apache-maven-3.3.9\boot\plexus-classworlds-2.5.2.jar;E:\apache-maven-3.3.9/conf/logging"/>
    <property name="org.slf4j.simpleLogger.defaultLogLevel" value="info"/>
    <property name="os.arch" value="amd64"/>
    <property name="WORKSPACE" value="C:\Users\Gopinath Kumsi\.jenkins\workspace\Automation"/>
    <property name="ComSpec" value="C:\Windows\system32\cmd.exe"/>
    <property name="RUN_TESTS_DISPLAY_URL" value="http://localhost:8080/jenkins/job/Automation/5/display/redirect?page=tests"/>
    <property name="sun.java.launcher" value="SUN_STANDARD"/>
    <property name="SystemRoot" value="C:\Windows"/>
    <property name="CommonProgramFiles" value="C:\Program Files\Common Files"/>
    <property name="java.vm.specification.vendor" value="Oracle Corporation"/>
    <property name="file.separator" value="\"/>
    <property name="java.runtime.version" value="14.0.2+12-46"/>
    <property name="ProgramFiles" value="C:\Program Files"/>
    <property name="PATH+JDK" value="C:\Program Files (x86)\java/bin"/>
    <property name="user.country" value="IN"/>
    <property name="POM_PACKAGING" value="jar"/>
    <property name="maven.home" value="E:\apache-maven-3.3.9"/>
    <property name="JOB_BASE_NAME" value="Automation"/>
    <property name="HOME" value="C:\Users\Gopinath Kumsi\.ssh"/>
    <property name="java.vendor" value="Oracle Corporation"/>
    <property name="java.specification.version" value="14"/>
    <property name="POM_DISPLAYNAME" value="Automationpractice"/>
    <property name="GIT_URL" value="https://github.com/Gopinathks7/Automationpractice.git"/>
    <property name="sun.arch.data.model" value="64"/>
  </properties>
  <testcase classname="com.scripts.AddingProductToCartTest" name="Login" time="20.665"/>
  <testcase classname="com.scripts.AddingProductToCartTest" name="scrollingAndAddingProduct" time="6.746"/>
  <testcase classname="com.scripts.FunctionValidatingTest" name="validateFunctionslity" time="11.142"/>
  <testcase classname="com.scripts.InvalidLoginTest" name="InvalidLoginTesting" time="16.535"/>
  <testcase classname="com.scripts.LoginTest" name="ValidLoginTesting" time="15.466"/>
  <testcase classname="com.scripts.SearchValidateTest" name="loginToApplicationm" time="15.552"/>
  <testcase classname="com.scripts.SearchValidateTest" name="validatingProductSearch" time="7.912"/>
</testsuite>