<?xml version="1.0" encoding="UTF-8" ?>
<testsuite tests="7" failures="0" name="TestSuite" time="140.435" errors="0" skipped="0">
  <properties>
    <property name="java.runtime.name" value="Java(TM) SE Runtime Environment"/>
    <property name="java.vm.version" value="14.0.2+12-46"/>
    <property name="sun.boot.library.path" value="C:\Program Files (x86)\java\bin"/>
    <property name="maven.multiModuleProjectDirectory" value="C:\Users\Gopinath Kumsi\.jenkins\workspace\createwar"/>
    <property name="java.vm.vendor" value="Oracle Corporation"/>
    <property name="java.vendor.url" value="https://java.oracle.com/"/>
    <property name="guice.disable.misplaced.annotation.check" value="true"/>
    <property name="path.separator" value=";"/>
    <property name="java.vm.name" value="Java HotSpot(TM) 64-Bit Server VM"/>
    <property name="sun.os.patch.level" value="Service Pack 1"/>
    <property name="user.script" value=""/>
    <property name="user.country" value="IN"/>
    <property name="sun.java.launcher" value="SUN_STANDARD"/>
    <property name="java.vm.specification.name" value="Java Virtual Machine Specification"/>
    <property name="user.dir" value="C:\Users\Gopinath Kumsi\.jenkins\workspace\createwar"/>
    <property name="java.vm.compressedOopsMode" value="32-bit"/>
    <property name="java.runtime.version" value="14.0.2+12-46"/>
    <property name="os.arch" value="amd64"/>
    <property name="java.io.tmpdir" value="C:\Users\GOPINA~1\AppData\Local\Temp\"/>
    <property name="line.separator" value="
"/>
    <property name="java.vm.specification.vendor" value="Oracle Corporation"/>
    <property name="user.variant" value=""/>
    <property name="os.name" value="Windows 7"/>
    <property name="classworlds.conf" value="E:/apache-maven-3.3.9\bin\m2.conf"/>
    <property name="sun.jnu.encoding" value="Cp1252"/>
    <property name="java.library.path" value="C:\Program Files (x86)\java\bin;C:\Windows\Sun\Java\bin;C:\Windows\system32;C:\Windows;E:/apache-maven-3.3.9/bin;C:\Program Files (x86)\java/bin;C:\Program Files (x86)\java/bin;C:\Program Files (x86)\Common Files\Oracle\Java\javapath;C:\ProgramData\Oracle\Java\javapath;PATH=C:\Program Files (x86)\Common Files\Oracle\Java\javapath;C:\ProgramData\Oracle\Java\javapath;PATH=C:\Program Files (x86)\Common Files\Oracle\Java\javapath;C:\ProgramData\Oracle\Java\javapath;PATH=C:\Windows\System32;%JAVA_HOME%\bin;C:\Windows\System32,PATH=%CATALINA_HOME%\bin;C:\Program Files\Git\cmd;E:\apache-maven-3.3.9\bin;C:\Program Files (x86)\java\bin;E:\Tomcat 9.0\bin;%JAVA_HOME%\bin;C:\Windows\System32,PATH=%CATALINA_HOME%\bin;C:\Program Files\Git\cmd;E:\apache-maven-3.3.9\bin;C:\Program Files (x86)\java\bin;E:\Tomcat 9.0\bin;%JAVA_HOME%\bin;C:\Windows\System32,PATH=%CATALINA_HOME%\bin;C:\Program Files\Git\cmd;E:\apache-maven-3.3.9\bin;C:\Program Files (x86)\java\bin;E:\Tomcat 9.0\bin;."/>
    <property name="jdk.debug" value="release"/>
    <property name="java.class.version" value="58.0"/>
    <property name="java.specification.name" value="Java Platform API Specification"/>
    <property name="sun.management.compiler" value="HotSpot 64-Bit Tiered Compilers"/>
    <property name="os.version" value="6.1"/>
    <property name="user.home" value="C:\Users\Gopinath Kumsi"/>
    <property name="user.timezone" value="Asia/Calcutta"/>
    <property name="file.encoding" value="Cp1252"/>
    <property name="java.specification.version" value="14"/>
    <property name="user.name" value="Gopinath Kumsi"/>
    <property name="java.class.path" value="E:/apache-maven-3.3.9\boot\plexus-classworlds-2.5.2.jar"/>
    <property name="java.vm.specification.version" value="14"/>
    <property name="sun.arch.data.model" value="64"/>
    <property name="sun.java.command" value="org.codehaus.plexus.classworlds.launcher.Launcher -f E:/workspace1/Automationpractice/pom.xml clean install package"/>
    <property name="java.home" value="C:\Program Files (x86)\java"/>
    <property name="user.language" value="en"/>
    <property name="java.specification.vendor" value="Oracle Corporation"/>
    <property name="java.vm.info" value="mixed mode, sharing"/>
    <property name="java.version" value="14.0.2"/>
    <property name="java.vendor" value="Oracle Corporation"/>
    <property name="maven.home" value="E:\apache-maven-3.3.9"/>
    <property name="file.separator" value="\"/>
    <property name="java.version.date" value="2020-07-14"/>
    <property name="java.vendor.url.bug" value="https://bugreport.java.com/bugreport/"/>
    <property name="sun.io.unicode.encoding" value="UnicodeLittle"/>
    <property name="sun.cpu.endian" value="little"/>
    <property name="sun.cpu.isalist" value="amd64"/>
  </properties>
  <testcase classname="com.scripts.AddingProductToCartTest" name="Login" time="40.055"/>
  <testcase classname="com.scripts.AddingProductToCartTest" name="scrollingAndAddingProduct" time="12.41"/>
  <testcase classname="com.scripts.FunctionValidatingTest" name="validateFunctionslity" time="20.959"/>
  <testcase classname="com.scripts.InvalidLoginTest" name="InvalidLoginTesting" time="16.217"/>
  <testcase classname="com.scripts.LoginTest" name="ValidLoginTesting" time="18.251"/>
  <testcase classname="com.scripts.SearchValidateTest" name="loginToApplicationm" time="18.78"/>
  <testcase classname="com.scripts.SearchValidateTest" name="validatingProductSearch" time="13.763"/>
</testsuite>